# JRE version: Java(TM) SE Runtime Environment (8.0_60-b27) (build 1.8.0_60-b27)
# Java VM: Java HotSpot(TM) 64-Bit Server VM (25.60-b23 mixed mode bsd-amd64 compressed oops)
Heap:
 PSYoungGen      total 179200K, used 179169K [0x00000007aab00000, 0x00000007b9780000, 0x00000007c0000000)
  eden space 163328K, 100% used [0x00000007aab00000,0x00000007b4a80000,0x00000007b4a80000)
  from space 15872K, 99% used [0x00000007b4a80000,0x00000007b59f84d0,0x00000007b5a00000)
  to   space 19456K, 64% used [0x00000007b8480000,0x00000007b90b8930,0x00000007b9780000)
 ParOldGen       total 53760K, used 19302K [0x0000000780000000, 0x0000000783480000, 0x00000007aab00000)
  object space 53760K, 35% used [0x0000000780000000,0x00000007812d9a00,0x0000000783480000)
 Metaspace       used 47313K, capacity 48832K, committed 49112K, reserved 1091584K
  class space    used 6264K, capacity 6566K, committed 6656K, reserved 1048576K
GC Heap History (10 events):
Event: 4318.272 GC heap after
Heap after GC invocations=9 (full 1):
 PSYoungGen      total 139264K, used 7845K [0x00000007aab00000, 0x00000007b7500000, 0x00000007c0000000)
  eden space 126976K, 0% used [0x00000007aab00000,0x00000007aab00000,0x00000007b2700000)
  from space 12288K, 63% used [0x00000007b3380000,0x00000007b3b29580,0x00000007b3f80000)
  to   space 12800K, 0% used [0x00000007b2700000,0x00000007b2700000,0x00000007b3380000)
 ParOldGen       total 38912K, used 10532K [0x0000000780000000, 0x0000000782600000, 0x00000007aab00000)
  object space 38912K, 27% used [0x0000000780000000,0x0000000780a49338,0x0000000782600000)
 Metaspace       used 34758K, capacity 35208K, committed 35416K, reserved 1079296K
  class space    used 4734K, capacity 4903K, committed 4992K, reserved 1048576K
}
Event: 4318.272 GC heap before
{Heap before GC invocations=10 (full 2):
 PSYoungGen      total 139264K, used 7845K [0x00000007aab00000, 0x00000007b7500000, 0x00000007c0000000)
  eden space 126976K, 0% used [0x00000007aab00000,0x00000007aab00000,0x00000007b2700000)
  from space 12288K, 63% used [0x00000007b3380000,0x00000007b3b29580,0x00000007b3f80000)
  to   space 12800K, 0% used [0x00000007b2700000,0x00000007b2700000,0x00000007b3380000)
 ParOldGen       total 38912K, used 10532K [0x0000000780000000, 0x0000000782600000, 0x00000007aab00000)
  object space 38912K, 27% used [0x0000000780000000,0x0000000780a49338,0x0000000782600000)
 Metaspace       used 34758K, capacity 35208K, committed 35416K, reserved 1079296K
  class space    used 4734K, capacity 4903K, committed 4992K, reserved 1048576K
Event: 4318.475 GC heap after
Heap after GC invocations=10 (full 2):
 PSYoungGen      total 139264K, used 0K [0x00000007aab00000, 0x00000007b7500000, 0x00000007c0000000)
  eden space 126976K, 0% used [0x00000007aab00000,0x00000007aab00000,0x00000007b2700000)
  from space 12288K, 0% used [0x00000007b3380000,0x00000007b3380000,0x00000007b3f80000)
  to   space 12800K, 0% used [0x00000007b2700000,0x00000007b2700000,0x00000007b3380000)
 ParOldGen       total 53760K, used 12433K [0x0000000780000000, 0x0000000783480000, 0x00000007aab00000)
  object space 53760K, 23% used [0x0000000780000000,0x0000000780c24478,0x0000000783480000)
 Metaspace       used 34721K, capacity 35156K, committed 35416K, reserved 1079296K
  class space    used 4724K, capacity 4888K, committed 4992K, reserved 1048576K
}
Event: 4491.284 GC heap before
{Heap before GC invocations=11 (full 2):
 PSYoungGen      total 139264K, used 126976K [0x00000007aab00000, 0x00000007b7500000, 0x00000007c0000000)
  eden space 126976K, 100% used [0x00000007aab00000,0x00000007b2700000,0x00000007b2700000)
  from space 12288K, 0% used [0x00000007b3380000,0x00000007b3380000,0x00000007b3f80000)
  to   space 12800K, 0% used [0x00000007b2700000,0x00000007b2700000,0x00000007b3380000)
 ParOldGen       total 53760K, used 12433K [0x0000000780000000, 0x0000000783480000, 0x00000007aab00000)
  object space 53760K, 23% used [0x0000000780000000,0x0000000780c24478,0x0000000783480000)
 Metaspace       used 39607K, capacity 40192K, committed 40280K, reserved 1083392K
  class space    used 5313K, capacity 5449K, committed 5504K, reserved 1048576K
Event: 4491.331 GC heap after
Heap after GC invocations=11 (full 2):
 PSYoungGen      total 139776K, used 8036K [0x00000007aab00000, 0x00000007b6900000, 0x00000007c0000000)
  eden space 126976K, 0% used [0x00000007aab00000,0x00000007aab00000,0x00000007b2700000)
  from space 12800K, 62% used [0x00000007b2700000,0x00000007b2ed9288,0x00000007b3380000)
  to   space 12800K, 0% used [0x00000007b5c80000,0x00000007b5c80000,0x00000007b6900000)
 ParOldGen       total 53760K, used 12505K [0x0000000780000000, 0x0000000783480000, 0x00000007aab00000)
  object space 53760K, 23% used [0x0000000780000000,0x0000000780c36488,0x0000000783480000)
 Metaspace       used 39607K, capacity 40192K, committed 40280K, reserved 1083392K
  class space    used 5313K, capacity 5449K, committed 5504K, reserved 1048576K
}
Event: 4837.037 GC heap before
{Heap before GC invocations=12 (full 2):
 PSYoungGen      total 139776K, used 135012K [0x00000007aab00000, 0x00000007b6900000, 0x00000007c0000000)
  eden space 126976K, 100% used [0x00000007aab00000,0x00000007b2700000,0x00000007b2700000)
  from space 12800K, 62% used [0x00000007b2700000,0x00000007b2ed9288,0x00000007b3380000)
  to   space 12800K, 0% used [0x00000007b5c80000,0x00000007b5c80000,0x00000007b6900000)
 ParOldGen       total 53760K, used 12505K [0x0000000780000000, 0x0000000783480000, 0x00000007aab00000)
  object space 53760K, 23% used [0x0000000780000000,0x0000000780c36488,0x0000000783480000)
 Metaspace       used 43776K, capacity 44750K, committed 45016K, reserved 1087488K
  class space    used 5878K, capacity 6133K, committed 6144K, reserved 1048576K
Event: 4837.100 GC heap after
Heap after GC invocations=12 (full 2):
 PSYoungGen      total 176128K, used 12785K [0x00000007aab00000, 0x00000007b6980000, 0x00000007c0000000)
  eden space 163328K, 0% used [0x00000007aab00000,0x00000007aab00000,0x00000007b4a80000)
  from space 12800K, 99% used [0x00000007b5c80000,0x00000007b68fc4e0,0x00000007b6900000)
  to   space 15872K, 0% used [0x00000007b4a80000,0x00000007b4a80000,0x00000007b5a00000)
 ParOldGen       total 53760K, used 16756K [0x0000000780000000, 0x0000000783480000, 0x00000007aab00000)
  object space 53760K, 31% used [0x0000000780000000,0x000000078105d0c8,0x0000000783480000)
 Metaspace       used 43776K, capacity 44750K, committed 45016K, reserved 1087488K
  class space    used 5878K, capacity 6133K, committed 6144K, reserved 1048576K
}
Event: 12735.283 GC heap before
{Heap before GC invocations=13 (full 2):
 PSYoungGen      total 176128K, used 176113K [0x00000007aab00000, 0x00000007b6980000, 0x00000007c0000000)
  eden space 163328K, 100% used [0x00000007aab00000,0x00000007b4a80000,0x00000007b4a80000)
  from space 12800K, 99% used [0x00000007b5c80000,0x00000007b68fc4e0,0x00000007b6900000)
  to   space 15872K, 0% used [0x00000007b4a80000,0x00000007b4a80000,0x00000007b5a00000)
 ParOldGen       total 53760K, used 16756K [0x0000000780000000, 0x0000000783480000, 0x00000007aab00000)
  object space 53760K, 31% used [0x0000000780000000,0x000000078105d0c8,0x0000000783480000)
 Metaspace       used 46501K, capacity 47744K, committed 47960K, reserved 1091584K
  class space    used 6199K, capacity 6470K, committed 6528K, reserved 1048576K
Event: 12735.963 GC heap after
Heap after GC invocations=13 (full 2):
 PSYoungGen      total 179200K, used 15841K [0x00000007aab00000, 0x00000007b9780000, 0x00000007c0000000)
  eden space 163328K, 0% used [0x00000007aab00000,0x00000007aab00000,0x00000007b4a80000)
  from space 15872K, 99% used [0x00000007b4a80000,0x00000007b59f84d0,0x00000007b5a00000)
  to   space 19456K, 0% used [0x00000007b8480000,0x00000007b8480000,0x00000007b9780000)
 ParOldGen       total 53760K, used 19302K [0x0000000780000000, 0x0000000783480000, 0x00000007aab00000)
  object space 53760K, 35% used [0x0000000780000000,0x00000007812d9a00,0x0000000783480000)
 Metaspace       used 46501K, capacity 47744K, committed 47960K, reserved 1091584K
  class space    used 6199K, capacity 6470K, committed 6528K, reserved 1048576K
}
Event: 12745.460 GC heap before
{Heap before GC invocations=14 (full 2):
 PSYoungGen      total 179200K, used 179169K [0x00000007aab00000, 0x00000007b9780000, 0x00000007c0000000)
  eden space 163328K, 100% used [0x00000007aab00000,0x00000007b4a80000,0x00000007b4a80000)
  from space 15872K, 99% used [0x00000007b4a80000,0x00000007b59f84d0,0x00000007b5a00000)
  to   space 19456K, 0% used [0x00000007b8480000,0x00000007b8480000,0x00000007b9780000)
 ParOldGen       total 53760K, used 19302K [0x0000000780000000, 0x0000000783480000, 0x00000007aab00000)
  object space 53760K, 35% used [0x0000000780000000,0x00000007812d9a00,0x0000000783480000)
 Metaspace       used 47313K, capacity 48832K, committed 49112K, reserved 1091584K
  class space    used 6264K, capacity 6566K, committed 6656K, reserved 1048576K

